<?xml version="1.0" encoding="UTF-8"?>
<testng-results ignored="0" total="1" passed="1" failed="0" skipped="0">
  <reporter-output>
  </reporter-output>
  <suite started-at="2024-06-30T18:58:09Z" name="Televate Automation Test Suite" finished-at="2024-06-30T18:58:27Z" duration-ms="18371">
    <groups>
    </groups>
    <test started-at="2024-06-30T18:58:09Z" name="Locators" finished-at="2024-06-30T18:58:27Z" duration-ms="18371">
      <class name="com.selenium.locators.Locators">
        <test-method signature="testyogi()[pri:1, instance:com.selenium.locators.Locators@7ce3cb8e]" started-at="2024-06-30T18:58:09Z" name="testyogi" finished-at="2024-06-30T18:58:27Z" duration-ms="18331" status="PASS">
          <reporter-output>
          </reporter-output>
        </test-method> <!-- testyogi -->
      </class> <!-- com.selenium.locators.Locators -->
    </test> <!-- Locators -->
  </suite> <!-- Televate Automation Test Suite -->
</testng-results>
